Version =20
VersionRequired =20
PublishOption =1
Checksum =-547633434
Begin Report
    LayoutForPrint = NotDefault
    DividingLines = NotDefault
    AllowDesignChanges = NotDefault
    DateGrouping =1
    GrpKeepTogether =1
    PictureAlignment =2
    DatasheetGridlinesBehavior =3
    GridX =24
    GridY =24
    Width =8884
    DatasheetFontHeight =11
    ItemSuffix =1
    Right =14610
    Bottom =12510
    DatasheetGridlinesColor =14806254
    RecSrcDt = Begin
        0x7f676739b548e440
    End
    GUID = Begin
        0xac333302e6768d4495868d4041fd118e
    End
    NameMap = Begin
        0x0acc0e5500000000000000000000000000000000000000000c00000005000000 ,
        0x0000000000000000000000000000
    End
    DatasheetFontName ="Calibri"
    PrtMip = Begin
        0x6801000068010000680100006801000000000000201c0000e010000001000000 ,
        0x010000006801000000000000a10700000100000001000000
    End
    PrtDevMode = Begin
        0x0000000002000000030000000400000005000000060000000700000008000000 ,
        0x010400209c000c120dff800301000100ea0a6f08640001000700580201000200 ,
        0x580202000000000100c66001180000000c000000584815010c461501a8421a00 ,
        0x80f60a1f70480000000000000000000000000000000000000000000001000000 ,
        0x0200000001000000010000000000000000000000000000000000000000000000 ,
        0x3d5e28493368fb5d000000004a060000789c8d545d779b300cfd2f3ce7a1ecac ,
        0xddda3fc311b6002fc2f2b14d52bab3ff3ed92604d2a4db4b88a5ebabaf2bffae ,
        0xd4a41b3770e44631b1779e3b4358bd55d9d87b708351d521e39653f804f518d0 ,
        0x468886ed028df81e6f61c996dc03b888de418fa10918a3b1bd78c5d379b651f1 ,
        0x09bd9cb9ebc484165a422122882594b172593c2da8e31ebb255e8d818c0b0362 ,
        0x5c2dbfb88db34b6496fd089429b7c8c65837c5e8614e49cba716af7c6d70e0d1 ,
        0xaa790768670721e4c3b682bb246bce77bd2182d5e075e9cc160153e4f437a0f4 ,
        0x22de6633a236b094b4757ca2dc021d81b1e2f4a86645a877d9e5968cac139010 ,
        0x4ed812d8e3ae470f2179e8ed3975868450429c0723b33b54a212a6298be4ad7a ,
        0x797a12536601a2240d08f9c23a27519b8605dd4188c59405b8c43d4933386901 ,
        0x758f91d36f19e685c28c904cac3084a2b24b432e894ed648c101486330bdbd6a ,
        0x2939d92de153ff47c9456d72f8c712086cf629b69ed4c2722cf51df22234dac4 ,
        0x017dc96ad98cec4f03d857f1c52e95cddd52ddaced9aed1798ff597ff6662d4e ,
        0x9cec45682665e059ac229f4bb22df39136dba62747f89e8e4e0898b08bfb3d79 ,
        0x28248299a7445427f53a99525e63c9578eec75de7ccb36494b7b38771e466c2f ,
        0x8e4500bdec38827364544efefa92e4296956d3287905f351e2c7f2b87894b121 ,
        0x5a02dfe3caf6c13c9e80a664a9affa5d2e07090f411ad5cb625136e605747465 ,
        0x709355c37a92f2ae3bbebc6c1a3b9828bf93ec4c7ec8eaf268c99d901b5b5a9e ,
        0x1fda20ba74907a23e11a42dbc7a11947017dfbf1fafd0ee46cf48aa89f5f1f93 ,
        0x9892685deabc4fb3607e3e3f557ffe0230a54333000000000000000000000000 ,
        0x0000000000000000000000000000000000000000000000000000000000000000 ,
        0x0000000000000000000000000000000000000000000000000000000000000000 ,
        0x0000000000000000000000000000000000000000000000000000000000000000 ,
        0x0000000000000000000000000000000000000000000000000000000000000000 ,
        0x0000000000000000000000000000000000000000000000000000000000000000 ,
        0x0000000000000000000000000000000000000000000000000000000000000000 ,
        0x0000000000000000000000000000000000000000000000000000000000000000 ,
        0x0000000000000000000000000000000000000000000000000000000000000000 ,
        0x0000000000000000000000000000000000000000000000000000000000000000 ,
        0x0000000000000000000000000000000000000000000000000000000000000000 ,
        0x0000000000000000000000000000000000000000000000000000000000000000 ,
        0x0000000000000000000000000000000000000000000000000000000000000000 ,
        0x0000000000000000000000000000000000000000000000000000000000000000 ,
        0x0000000000000000000000000000000000000000000000000000000000000000 ,
        0x0000000000000000000000000000000000000000000000000000000000000000 ,
        0x0000000000000000000000000000000000000000000000000000000000000000 ,
        0x0000000000000000000000000000000000000000000000000000000000000000 ,
        0x0000000000000000000000000000000000000000000000000000000000000000 ,
        0x0000000000000000000000000000000000000000000000000000000000000000 ,
        0x0000000000000000000000000000000000000000000000000000000000000000 ,
        0x0000000000000000000000000000000000000000000000000000000000000000 ,
        0x0000000000000000000000000000000000000000000000000000000000000000 ,
        0x0000000000000000000000000000000000000000000000000000000000000000 ,
        0x0000000000000000000000000000000000000000000000000000000000000000 ,
        0x0000000000000000000000000000000000000000000000000000000000000000 ,
        0x0000000000000000000000000000000000000000000000000000000000000000 ,
        0x0000000000000000000000000000000000000000000000000000000000000000 ,
        0x0000000000000000000000000000000000000000000000000000000000000000 ,
        0x0000000000000000000000000000000000000000000000000000000000000000 ,
        0x0000000000000000000000000000000000000000000000000000000000000000 ,
        0x0000000000000000000000000000000000000000000000000000000000000000 ,
        0x0000000000000000000000000000000000000000000000000000000000000000 ,
        0x0000000000000000000000000000000000000000000000000000000000000000 ,
        0x0000000000000000000000000000000000000000000000000000000000000000 ,
        0x0000000000000000000000000000000000000000000000000000000000000000 ,
        0x0000000000000000000000000000000000000000000000000000000000000000 ,
        0x0000000000000000000000000000000000000000000000000000000000000000 ,
        0x0000000000000000000000000000000000000000000000000000000000000000 ,
        0x0000000000000000000000000000000000000000000000000000000000000000 ,
        0x0000000000000000000000000000000000000000000000000000000000000000 ,
        0x0000000000000000000000000000000000000000000000000000000000000000 ,
        0x0000000000000000000000000000000000000000000000000000000000000000 ,
        0x0000000000000000000000000000000000000000000000000000000000000000 ,
        0x0000000000000000000000000000000000000000000000000000000000000000 ,
        0x0000000000000000000000000000000000000000000000000000000000000000 ,
        0x0000000000000000000000000000000000000000000000000000000000000000 ,
        0x0000000000000000000000000000000000000000000000000000000000000000 ,
        0x0000000000000000000000000000000000000000000000000000000000000000 ,
        0x0000000000000000000000000000000000000000000000000000000000000000 ,
        0x0000000000000000000000000000000000000000000000000000000000000000 ,
        0x0000000000000000000000000000000000000000000000000000000000000000 ,
        0x0000000000000000000000000000000000000000000000000000000000000000 ,
        0x0000000000000000000000000000000000000000000000000000000000000000 ,
        0x0000000000000000000000000000000000000000000000000000000000000000 ,
        0x0000000000000000000000000000000000000000000000000000000000000000 ,
        0x0000000000000000000000000000000000000000000000000000000000000000 ,
        0x0000000000000000000000000000000000000000000000000000000000000000 ,
        0x0000000000000000000000000000000000000000000000000000000000000000 ,
        0x0000000000000000000000000000000000000000000000000000000000000000 ,
        0x0000000000000000000000000000000000000000000000000000000000000000 ,
        0x0000000000000000000000000000000000000000000000000000000000000000 ,
        0x0000000000000000000000000000000000000000000000000000000000000000 ,
        0x0000000000000000000000000000000000000000000000000000000000000000 ,
        0x0000000000000000000000000000000000000000000000000000000000000000 ,
        0x0000000000000000000000000000000000000000000000000000000000000000 ,
        0x0000000000000000000000000000000000000000000000000000000000000000 ,
        0x0000000000000000000000000000000000000000000000000000000000000000 ,
        0x0000000000000000000000000000000000000000000000000000000000000000 ,
        0x0000000000000000000000000000000000000000000000000000000000000000 ,
        0x0000000000000000000000000000000000000000000000000000000000000000 ,
        0x0000000000000000000000000000000000000000000000000000000000000000 ,
        0x0000000000000000000000000000000000000000000000000000000000000000 ,
        0x0000000000000000000000000000000000000000000000000000000000000000 ,
        0x0000000000000000000000000000000000000000000000000000000000000000 ,
        0x0000000001000000e5010000789c8d915d0b82301486ff8aecba8b8abae92efa ,
        0x00210ca27b597ab4e1768e6d8bb4e8bf374548cda2bbed79dff3b08f07bba92c ,
        0xccb540cb168c92848d6a825c8114a682ab7db0f5d79be0e82f77add45837940e ,
        0xe709d5baa370352f809b7720c5b1151a5b4a708dce3ed4905e25d74d4f03c6a0 ,
        0x7faade957f84168a2ff78948926ea6eb7578923ccada0716f74a3f998e1b9893 ,
        0x11561016a1522ee8e3b28b6340c74b47e69f0281d17950d10b12a18dcd790a84 ,
        0xb2ecfc16e5fc72850ee298d60f329fb1e70b70aca74900000000000000000000 ,
        0x0000000000000000000000000000000000000000000000000000000000000000 ,
        0x0000000000000000000000000000000000000000000000000000000000000000 ,
        0x0000000000000000000000000000000000000000000000000000000000000000 ,
        0x0000000000000000000000000000000000000000000000000000000000000000 ,
        0x0000000000000000000000000000000000000000000000000000000000000000 ,
        0x0000000000000000000000000000000000000000000000000000000000000000 ,
        0x0000000000000000000000000000000000000000000000000000000000000000 ,
        0x0000000000000000000000000000000000000000000000000000000000000000 ,
        0x0000000000000000000000000000000000000000000000000000000000000000 ,
        0x0000000000000000000000000000000000000000000000000000000000000000 ,
        0x0000000000000000000000000000000000000000000000000000000000000000 ,
        0x0000000000000000000000000000000000000000000000000000000000000000 ,
        0x0000000000000000000000000000000000000000000000000000000000000000 ,
        0x0000000000000000000000000000000000000000000000000000000000000000 ,
        0x0000000000000000000000000000000000000000000000000000000000000000 ,
        0x0000000000000000000000000000000000000000000000000000000000000000 ,
        0x0000000000000000000000000000000000000000000000000000000000000000 ,
        0x0000000000000000000000000000000000000000000000000000000000000000 ,
        0x0000000000000000000000000000000000000000000000000000000000000000 ,
        0x0000000000000000000000000000000000000000000000000000000000000000 ,
        0x0000000000000000000000000000000000000000000000000000000000000000 ,
        0x0000000000000000000000000000000000000000000000000000000000000000 ,
        0x0000000000000000000000000000000000000000000000000000000000000000 ,
        0x0000000000000000000000000000000000000000000000000000000000000000 ,
        0x0000000000000000000000000000000000000000000000000000000000000000 ,
        0x0000000000000000000000000000000000000000000000000000000000000000 ,
        0x0000000000000000000000000000000000000000000000000000000000000000 ,
        0x0000000000000000000000000000000000000000000000000000000000000000 ,
        0x0000000000000000000000000000000000000000000000000000000000000000 ,
        0x0000000000000000000000000000000000000000000000000000000000000000 ,
        0x0000000000000000000000000000000000000000000000000000000000000000 ,
        0x0000000000000000000000000000000000000000000000000000000000000000 ,
        0x0000000000000000000000000000000000000000000000000000000000000000 ,
        0x0000000000000000000000000000000000000000000000000000000000000000 ,
        0x0000000000000000000000000000000000000000000000000000000000000000 ,
        0x0000000000000000000000000000000000000000000000000000000000000000 ,
        0x0000000000000000000000000000000000000000000000000000000000000000 ,
        0x0000000000000000000000000000000000000000000000000000000000000000 ,
        0x0000000000000000000000000000000000000000000000000000000000000000 ,
        0x0000000000000000000000000000000000000000000000000000000000000000 ,
        0x0000000000000000000000000000000000000000000000000000000000000000 ,
        0x0000000000000000000000000000000000000000000000000000000000000000 ,
        0x0000000000000000000000000000000000000000000000000000000000000000 ,
        0x0000000000000000
    End
    PrtDevNames = Begin
        0x0800220056000100000000000000000000000000000000000000000000000000 ,
        0x0000000000000000000000000000000000000000000000000000000000000000 ,
        0x00000000000000000000000000000000000000000000545330303500
    End
    FilterOnLoad =0
    FitToPage =1
    DisplayOnSharePointSite =1
    DatasheetAlternateBackColor =15921906
    DatasheetGridlinesColor12 =0
    FitToScreen =1
    DatasheetBackThemeColorIndex =1
    BorderThemeColorIndex =3
    ThemeFontIndex =1
    ForeThemeColorIndex =0
    AlternateBackThemeColorIndex =1
    AlternateBackShade =95.0
    PrtDevModeW = Begin
        0x0000000000000000000000000000000000000000000000000000000000000000 ,
        0x66006900630069006f0020004d00500020004300330035003000310000000000 ,
        0x01040020dc000c120dff800301000100ea0a6f08640001000700580201000200 ,
        0x5802020000000000000000000000000000000000000000000000000000000000 ,
        0x0000000000000000000000000000000000000000000000000000000000000000 ,
        0x0000000000000000000000000000000000000000000000000000000001000000 ,
        0x0200000001000000010000000000000000000000000000000000000000000000 ,
        0x3d5e28493368fb5d000000004a060000789c8d545d779b300cfd2f3ce7a1ecac ,
        0xddda3fc311b6002fc2f2b14d52bab3ff3ed92604d2a4db4b88a5ebabaf2bffae ,
        0xd4a41b3770e44631b1779e3b4358bd55d9d87b708351d521e39653f804f518d0 ,
        0x468886ed028df81e6f61c996dc03b888de418fa10918a3b1bd78c5d379b651f1 ,
        0x09bd9cb9ebc484165a422122882594b172593c2da8e31ebb255e8d818c0b0362 ,
        0x5c2dbfb88db34b6496fd089429b7c8c65837c5e8614e49cba716af7c6d70e0d1 ,
        0xaa790768670721e4c3b682bb246bce77bd2182d5e075e9cc160153e4f437a0f4 ,
        0x22de6633a236b094b4757ca2dc021d81b1e2f4a86645a877d9e5968cac139010 ,
        0x4ed812d8e3ae470f2179e8ed3975868450429c0723b33b54a212a6298be4ad7a ,
        0x797a12536601a2240d08f9c23a27519b8605dd4188c59405b8c43d4933386901 ,
        0x758f91d36f19e685c28c904cac3084a2b24b432e894ed648c101486330bdbd6a ,
        0x2939d92de153ff47c9456d72f8c712086cf629b69ed4c2722cf51df22234dac4 ,
        0x017dc96ad98cec4f03d857f1c52e95cddd52ddaced9aed1798ff597ff6662d4e ,
        0x9cec45682665e059ac229f4bb22df39136dba62747f89e8e4e0898b08bfb3d79 ,
        0x28248299a7445427f53a99525e63c9578eec75de7ccb36494b7b38771e466c2f ,
        0x8e4500bdec38827364544efefa92e4296956d3287905f351e2c7f2b87894b121 ,
        0x5a02dfe3caf6c13c9e80a664a9affa5d2e07090f411ad5cb625136e605747465 ,
        0x709355c37a92f2ae3bbebc6c1a3b9828bf93ec4c7ec8eaf268c99d901b5b5a9e ,
        0x1fda20ba74907a23e11a42dbc7a11947017dfbf1fafd0ee46cf48aa89f5f1f93 ,
        0x9892685deabc4fb3607e3e3f557ffe0230a54333000000000000000000000000 ,
        0x0000000000000000000000000000000000000000000000000000000000000000 ,
        0x0000000000000000000000000000000000000000000000000000000000000000 ,
        0x0000000000000000000000000000000000000000000000000000000000000000 ,
        0x0000000000000000000000000000000000000000000000000000000000000000 ,
        0x0000000000000000000000000000000000000000000000000000000000000000 ,
        0x0000000000000000000000000000000000000000000000000000000000000000 ,
        0x0000000000000000000000000000000000000000000000000000000000000000 ,
        0x0000000000000000000000000000000000000000000000000000000000000000 ,
        0x0000000000000000000000000000000000000000000000000000000000000000 ,
        0x0000000000000000000000000000000000000000000000000000000000000000 ,
        0x0000000000000000000000000000000000000000000000000000000000000000 ,
        0x0000000000000000000000000000000000000000000000000000000000000000 ,
        0x0000000000000000000000000000000000000000000000000000000000000000 ,
        0x0000000000000000000000000000000000000000000000000000000000000000 ,
        0x0000000000000000000000000000000000000000000000000000000000000000 ,
        0x0000000000000000000000000000000000000000000000000000000000000000 ,
        0x0000000000000000000000000000000000000000000000000000000000000000 ,
        0x0000000000000000000000000000000000000000000000000000000000000000 ,
        0x0000000000000000000000000000000000000000000000000000000000000000 ,
        0x0000000000000000000000000000000000000000000000000000000000000000 ,
        0x0000000000000000000000000000000000000000000000000000000000000000 ,
        0x0000000000000000000000000000000000000000000000000000000000000000 ,
        0x0000000000000000000000000000000000000000000000000000000000000000 ,
        0x0000000000000000000000000000000000000000000000000000000000000000 ,
        0x0000000000000000000000000000000000000000000000000000000000000000 ,
        0x0000000000000000000000000000000000000000000000000000000000000000 ,
        0x0000000000000000000000000000000000000000000000000000000000000000 ,
        0x0000000000000000000000000000000000000000000000000000000000000000 ,
        0x0000000000000000000000000000000000000000000000000000000000000000 ,
        0x0000000000000000000000000000000000000000000000000000000000000000 ,
        0x0000000000000000000000000000000000000000000000000000000000000000 ,
        0x0000000000000000000000000000000000000000000000000000000000000000 ,
        0x0000000000000000000000000000000000000000000000000000000000000000 ,
        0x0000000000000000000000000000000000000000000000000000000000000000 ,
        0x0000000000000000000000000000000000000000000000000000000000000000 ,
        0x0000000000000000000000000000000000000000000000000000000000000000 ,
        0x0000000000000000000000000000000000000000000000000000000000000000 ,
        0x0000000000000000000000000000000000000000000000000000000000000000 ,
        0x0000000000000000000000000000000000000000000000000000000000000000 ,
        0x0000000000000000000000000000000000000000000000000000000000000000 ,
        0x0000000000000000000000000000000000000000000000000000000000000000 ,
        0x0000000000000000000000000000000000000000000000000000000000000000 ,
        0x0000000000000000000000000000000000000000000000000000000000000000 ,
        0x0000000000000000000000000000000000000000000000000000000000000000 ,
        0x0000000000000000000000000000000000000000000000000000000000000000 ,
        0x0000000000000000000000000000000000000000000000000000000000000000 ,
        0x0000000000000000000000000000000000000000000000000000000000000000 ,
        0x0000000000000000000000000000000000000000000000000000000000000000 ,
        0x0000000000000000000000000000000000000000000000000000000000000000 ,
        0x0000000000000000000000000000000000000000000000000000000000000000 ,
        0x0000000000000000000000000000000000000000000000000000000000000000 ,
        0x0000000000000000000000000000000000000000000000000000000000000000 ,
        0x0000000000000000000000000000000000000000000000000000000000000000 ,
        0x0000000000000000000000000000000000000000000000000000000000000000 ,
        0x0000000000000000000000000000000000000000000000000000000000000000 ,
        0x0000000000000000000000000000000000000000000000000000000000000000 ,
        0x0000000000000000000000000000000000000000000000000000000000000000 ,
        0x0000000000000000000000000000000000000000000000000000000000000000 ,
        0x0000000000000000000000000000000000000000000000000000000000000000 ,
        0x0000000000000000000000000000000000000000000000000000000000000000 ,
        0x0000000000000000000000000000000000000000000000000000000000000000 ,
        0x0000000000000000000000000000000000000000000000000000000000000000 ,
        0x0000000000000000000000000000000000000000000000000000000000000000 ,
        0x0000000000000000000000000000000000000000000000000000000000000000 ,
        0x0000000000000000000000000000000000000000000000000000000000000000 ,
        0x0000000000000000000000000000000000000000000000000000000000000000 ,
        0x0000000000000000000000000000000000000000000000000000000000000000 ,
        0x0000000000000000000000000000000000000000000000000000000000000000 ,
        0x0000000000000000000000000000000000000000000000000000000000000000 ,
        0x0000000000000000000000000000000000000000000000000000000000000000 ,
        0x0000000000000000000000000000000000000000000000000000000000000000 ,
        0x0000000000000000000000000000000000000000000000000000000000000000 ,
        0x0000000000000000000000000000000000000000000000000000000000000000 ,
        0x0000000000000000000000000000000000000000000000000000000000000000 ,
        0x0000000001000000e5010000789c8d915d0b82301486ff8aecba8b8abae92efa ,
        0x00210ca27b597ab4e1768e6d8bb4e8bf374548cda2bbed79dff3b08f07bba92c ,
        0xccb540cb168c92848d6a825c8114a682ab7db0f5d79be0e82f77add45837940e ,
        0xe709d5baa370352f809b7720c5b1151a5b4a708dce3ed4905e25d74d4f03c6a0 ,
        0x7faade957f84168a2ff78948926ea6eb7578923ccada0716f74a3f998e1b9893 ,
        0x11561016a1522ee8e3b28b6340c74b47e69f0281d17950d10b12a18dcd790a84 ,
        0xb2ecfc16e5fc72850ee298d60f329fb1e70b70aca74900000000000000000000 ,
        0x0000000000000000000000000000000000000000000000000000000000000000 ,
        0x0000000000000000000000000000000000000000000000000000000000000000 ,
        0x0000000000000000000000000000000000000000000000000000000000000000 ,
        0x0000000000000000000000000000000000000000000000000000000000000000 ,
        0x0000000000000000000000000000000000000000000000000000000000000000 ,
        0x0000000000000000000000000000000000000000000000000000000000000000 ,
        0x0000000000000000000000000000000000000000000000000000000000000000 ,
        0x0000000000000000000000000000000000000000000000000000000000000000 ,
        0x0000000000000000000000000000000000000000000000000000000000000000 ,
        0x0000000000000000000000000000000000000000000000000000000000000000 ,
        0x0000000000000000000000000000000000000000000000000000000000000000 ,
        0x0000000000000000000000000000000000000000000000000000000000000000 ,
        0x0000000000000000000000000000000000000000000000000000000000000000 ,
        0x0000000000000000000000000000000000000000000000000000000000000000 ,
        0x0000000000000000000000000000000000000000000000000000000000000000 ,
        0x0000000000000000000000000000000000000000000000000000000000000000 ,
        0x0000000000000000000000000000000000000000000000000000000000000000 ,
        0x0000000000000000000000000000000000000000000000000000000000000000 ,
        0x0000000000000000000000000000000000000000000000000000000000000000 ,
        0x0000000000000000000000000000000000000000000000000000000000000000 ,
        0x0000000000000000000000000000000000000000000000000000000000000000 ,
        0x0000000000000000000000000000000000000000000000000000000000000000 ,
        0x0000000000000000000000000000000000000000000000000000000000000000 ,
        0x0000000000000000000000000000000000000000000000000000000000000000 ,
        0x0000000000000000000000000000000000000000000000000000000000000000 ,
        0x0000000000000000000000000000000000000000000000000000000000000000 ,
        0x0000000000000000000000000000000000000000000000000000000000000000 ,
        0x0000000000000000000000000000000000000000000000000000000000000000 ,
        0x0000000000000000000000000000000000000000000000000000000000000000 ,
        0x0000000000000000000000000000000000000000000000000000000000000000 ,
        0x0000000000000000000000000000000000000000000000000000000000000000 ,
        0x0000000000000000000000000000000000000000000000000000000000000000 ,
        0x0000000000000000000000000000000000000000000000000000000000000000 ,
        0x0000000000000000000000000000000000000000000000000000000000000000 ,
        0x0000000000000000000000000000000000000000000000000000000000000000 ,
        0x0000000000000000000000000000000000000000000000000000000000000000 ,
        0x0000000000000000000000000000000000000000000000000000000000000000 ,
        0x0000000000000000000000000000000000000000000000000000000000000000 ,
        0x0000000000000000000000000000000000000000000000000000000000000000 ,
        0x0000000000000000000000000000000000000000000000000000000000000000 ,
        0x0000000000000000000000000000000000000000000000000000000000000000 ,
        0x0000000000000000000000000000000000000000000000000000000000000000 ,
        0x0000000000000000000000000000000000000000000000000000000000000000 ,
        0x0000000000000000
    End
    PrtDevNamesW = Begin
        0x04001e0052000100000000000000000000000000000000000000000000000000 ,
        0x0000000000000000000000000000000000000000000000000000000000000000 ,
        0x0000000000000000000000000000000000000000000000000000000000000000 ,
        0x0000000000000000000000000000000000000000000000000000000000000000 ,
        0x0000000000000000000000000000000000000000000000000000000000000000 ,
        0x00000000540053003000300035000000
    End
    NoSaveCTIWhenDisabled =1
    Begin
        Begin Image
            OldBorderStyle =0
            BorderLineStyle =0
            SizeMode =3
            PictureAlignment =2
            BorderColor =16777215
            GridlineColor =16777215
            BackThemeColorIndex =1
            BorderThemeColorIndex =1
            BorderShade =65.0
            GridlineThemeColorIndex =1
            GridlineShade =65.0
        End
        Begin PageHeader
            Height =1500
            Name ="PageHeaderSection"
            GUID = Begin
                0xede2d971b2b335469ca9a5d4615a546e
            End
            AlternateBackThemeColorIndex =1
            AlternateBackShade =95.0
            BackThemeColorIndex =1
            Begin
                Begin Image
                    PictureType =2
                    Left =60
                    Top =60
                    Width =1320
                    Height =1320
                    BorderColor =10921638
                    Name ="img_ae"
                    OnClick ="[Event Procedure]"
                    Picture ="adaept_logo_rg_128x128"
                    GUID = Begin
                        0x85c4ac18903eaf47bdf1ff7c1c43371d
                    End
                    GridlineColor =10921638

                    LayoutCachedLeft =60
                    LayoutCachedTop =60
                    LayoutCachedWidth =1380
                    LayoutCachedHeight =1380
                End
            End
        End
        Begin Section
            KeepTogether = NotDefault
            Height =7560
            Name ="Detail"
            GUID = Begin
                0xc72648e3a01479438209846a0c698954
            End
            AutoHeight =1
            AlternateBackColor =15921906
            AlternateBackThemeColorIndex =1
            AlternateBackShade =95.0
            BackThemeColorIndex =1
        End
        Begin PageFooter
            Height =360
            Name ="PageFooterSection"
            GUID = Begin
                0x3ed392bf6b344945841738bc951eb3f0
            End
            AutoHeight =1
            AlternateBackThemeColorIndex =1
            AlternateBackShade =95.0
            BackThemeColorIndex =1
        End
    End
End
CodeBehindForm
Attribute VB_GlobalNameSpace = False
Attribute VB_Creatable = True
Attribute VB_PredeclaredId = True
Attribute VB_Exposed = False
Option Compare Database
Option Explicit

Private Sub img_ae_Click()
    MsgBox "This is a rpt dummy!"
End Sub